[debug] [2025-07-02T13:05:37.290Z] ----------------------------------------------------------------------
[debug] [2025-07-02T13:05:37.295Z] Command:       C:\Program Files\nodejs\node.exe C:\Users\Ayoub\AppData\Roaming\npm\node_modules\firebase-tools\lib\bin\firebase.js init
[debug] [2025-07-02T13:05:37.296Z] CLI Version:   14.9.0
[debug] [2025-07-02T13:05:37.296Z] Platform:      win32
[debug] [2025-07-02T13:05:37.296Z] Node Version:  v22.16.0
[debug] [2025-07-02T13:05:37.297Z] Time:          Wed Jul 02 2025 14:05:37 GMT+0100 (UTC+01:00)
[debug] [2025-07-02T13:05:37.297Z] ----------------------------------------------------------------------
[debug] 
[debug] [2025-07-02T13:05:37.306Z] > command requires scopes: ["email","openid","https://www.googleapis.com/auth/cloudplatformprojects.readonly","https://www.googleapis.com/auth/firebase","https://www.googleapis.com/auth/cloud-platform"]
[debug] [2025-07-02T13:05:37.307Z] > authorizing via signed-in user (ayoubmouradi70@gmail.com)
[info] 
     ######## #### ########  ######## ########     ###     ######  ########
     ##        ##  ##     ## ##       ##     ##  ##   ##  ##       ##
     ######    ##  ########  ######   ########  #########  ######  ######
     ##        ##  ##    ##  ##       ##     ## ##     ##       ## ##
     ##       #### ##     ## ######## ########  ##     ##  ######  ########

You're about to initialize a Firebase project in this directory:

  C:\Users\Ayoub\Desktop\GreenLant

[debug] [2025-07-02T13:09:55.423Z] ExitPromptError: User force closed the prompt with SIGINT
    at Interface.sigint (C:\Users\Ayoub\AppData\Roaming\npm\node_modules\firebase-tools\node_modules\@inquirer\core\dist\commonjs\lib\create-prompt.js:101:37)
    at Interface.emit (node:events:518:28)
    at Interface.emit (node:domain:489:12)
    at [_ttyWrite] [as _ttyWrite] (node:internal/readline/interface:1128:18)
    at ReadStream.onkeypress (node:internal/readline/interface:267:20)
    at ReadStream.emit (node:events:530:35)
    at ReadStream.emit (node:domain:489:12)
    at emitKeys (node:internal/readline/utils:370:14)
    at emitKeys.next (<anonymous>)
    at ReadStream.onData (node:internal/readline/emitKeypressEvents:64:36)
[error] 
[error] Error: An unexpected error has occurred.
